<?xml version="1.0" encoding="UTF-8"?>
<testng-results ignored="0" total="1" passed="1" failed="0" skipped="0">
  <reporter-output>
  </reporter-output>
  <suite started-at="2023-07-23T14:26:32 IST" name="Suite" finished-at="2023-07-23T14:27:10 IST" duration-ms="37114">
    <groups>
      <group name="Master">
        <method signature="AccountRegistrationTest.test_account_registration()[pri:0, instance:testCases.AccountRegistrationTest@9f116cc]" name="test_account_registration" class="testCases.AccountRegistrationTest"/>
      </group> <!-- Master -->
      <group name="Regression">
        <method signature="AccountRegistrationTest.test_account_registration()[pri:0, instance:testCases.AccountRegistrationTest@9f116cc]" name="test_account_registration" class="testCases.AccountRegistrationTest"/>
      </group> <!-- Regression -->
    </groups>
    <test started-at="2023-07-23T14:26:32 IST" name="ChromeTest" finished-at="2023-07-23T14:27:10 IST" duration-ms="37114">
      <class name="testCases.AccountRegistrationTest">
        <test-method is-config="true" signature="setup(java.lang.String)[pri:0, instance:testCases.AccountRegistrationTest@9f116cc]" started-at="2023-07-23T14:26:33 IST" name="setup" finished-at="2023-07-23T14:26:58 IST" duration-ms="25044" status="PASS">
          <params>
            <param index="0">
              <value>
                <![CDATA[Chrome]]>
              </value>
            </param>
          </params>
          <reporter-output>
          </reporter-output>
        </test-method> <!-- setup -->
        <test-method signature="test_account_registration()[pri:0, instance:testCases.AccountRegistrationTest@9f116cc]" started-at="2023-07-23T14:26:58 IST" name="test_account_registration" finished-at="2023-07-23T14:27:09 IST" duration-ms="10732" status="PASS">
          <reporter-output>
          </reporter-output>
        </test-method> <!-- test_account_registration -->
        <test-method is-config="true" signature="tearDown()[pri:0, instance:testCases.AccountRegistrationTest@9f116cc]" started-at="2023-07-23T14:27:09 IST" name="tearDown" finished-at="2023-07-23T14:27:10 IST" duration-ms="493" status="PASS">
          <reporter-output>
          </reporter-output>
        </test-method> <!-- tearDown -->
      </class> <!-- testCases.AccountRegistrationTest -->
    </test> <!-- ChromeTest -->
  </suite> <!-- Suite -->
</testng-results>
