<?xml version="1.0" encoding="UTF-8"?>
<testng-results ignored="0" total="2" passed="2" failed="0" skipped="0">
  <reporter-output>
  </reporter-output>
  <suite started-at="2023-07-21T07:55:20 IST" name="Suite" finished-at="2023-07-21T07:55:49 IST" duration-ms="29536">
    <groups>
      <group name="Master">
        <method signature="AccountRegistrationTest.test_account_registration()[pri:0, instance:testCases.AccountRegistrationTest@1165b38]" name="test_account_registration" class="testCases.AccountRegistrationTest"/>
        <method signature="LoginTest.testLogin()[pri:0, instance:testCases.LoginTest@7e6f74c]" name="testLogin" class="testCases.LoginTest"/>
      </group> <!-- Master -->
      <group name="Sanity">
        <method signature="LoginTest.testLogin()[pri:0, instance:testCases.LoginTest@7e6f74c]" name="testLogin" class="testCases.LoginTest"/>
      </group> <!-- Sanity -->
      <group name="Regression">
        <method signature="AccountRegistrationTest.test_account_registration()[pri:0, instance:testCases.AccountRegistrationTest@1165b38]" name="test_account_registration" class="testCases.AccountRegistrationTest"/>
      </group> <!-- Regression -->
    </groups>
    <test started-at="2023-07-21T07:55:20 IST" name="ChromeTest" finished-at="2023-07-21T07:55:49 IST" duration-ms="29536">
      <class name="testCases.LoginTest">
        <test-method is-config="true" signature="setup(java.lang.String)[pri:0, instance:testCases.LoginTest@7e6f74c]" started-at="2023-07-21T07:55:34 IST" name="setup" finished-at="2023-07-21T07:55:44 IST" duration-ms="9463" status="PASS">
          <params>
            <param index="0">
              <value>
                <![CDATA[Chrome]]>
              </value>
            </param>
          </params>
          <reporter-output>
          </reporter-output>
        </test-method> <!-- setup -->
        <test-method signature="testLogin()[pri:0, instance:testCases.LoginTest@7e6f74c]" started-at="2023-07-21T07:55:44 IST" name="testLogin" finished-at="2023-07-21T07:55:49 IST" duration-ms="5021" status="PASS">
          <reporter-output>
          </reporter-output>
        </test-method> <!-- testLogin -->
        <test-method is-config="true" signature="tearDown()[pri:0, instance:testCases.LoginTest@7e6f74c]" started-at="2023-07-21T07:55:49 IST" name="tearDown" finished-at="2023-07-21T07:55:49 IST" duration-ms="322" status="PASS">
          <reporter-output>
          </reporter-output>
        </test-method> <!-- tearDown -->
      </class> <!-- testCases.LoginTest -->
      <class name="testCases.AccountRegistrationTest">
        <test-method is-config="true" signature="setup(java.lang.String)[pri:0, instance:testCases.AccountRegistrationTest@1165b38]" started-at="2023-07-21T07:55:20 IST" name="setup" finished-at="2023-07-21T07:55:28 IST" duration-ms="7755" status="PASS">
          <params>
            <param index="0">
              <value>
                <![CDATA[Chrome]]>
              </value>
            </param>
          </params>
          <reporter-output>
          </reporter-output>
        </test-method> <!-- setup -->
        <test-method signature="test_account_registration()[pri:0, instance:testCases.AccountRegistrationTest@1165b38]" started-at="2023-07-21T07:55:28 IST" name="test_account_registration" finished-at="2023-07-21T07:55:34 IST" duration-ms="6074" status="PASS">
          <reporter-output>
          </reporter-output>
        </test-method> <!-- test_account_registration -->
        <test-method is-config="true" signature="tearDown()[pri:0, instance:testCases.AccountRegistrationTest@1165b38]" started-at="2023-07-21T07:55:34 IST" name="tearDown" finished-at="2023-07-21T07:55:34 IST" duration-ms="395" status="PASS">
          <reporter-output>
          </reporter-output>
        </test-method> <!-- tearDown -->
      </class> <!-- testCases.AccountRegistrationTest -->
    </test> <!-- ChromeTest -->
  </suite> <!-- Suite -->
</testng-results>
